{"D:\\Dev\\login-clean-api\\src\\presentation\\signup-controller.ts": {"path":"D:\\Dev\\login-clean-api\\src\\presentation\\signup-controller.ts","statementMap":{"0":{"start":{"line":7,"column":21},"end":{"line":7,"column":50}},"1":{"start":{"line":8,"column":21},"end":{"line":8,"column":44}},"2":{"start":{"line":11,"column":4},"end":{"line":31,"column":null}},"3":{"start":{"line":12,"column":40},"end":{"line":12,"column":56}},"4":{"start":{"line":14,"column":20},"end":{"line":14,"column":62}},"5":{"start":{"line":15,"column":6},"end":{"line":20,"column":null}},"6":{"start":{"line":16,"column":8},"end":{"line":19,"column":null}},"7":{"start":{"line":21,"column":22},"end":{"line":21,"column":80}},"8":{"start":{"line":22,"column":6},"end":{"line":25,"column":null}},"9":{"start":{"line":27,"column":6},"end":{"line":30,"column":null}},"10":{"start":{"line":5,"column":0},"end":{"line":5,"column":13}}},"fnMap":{"0":{"name":"(anonymous_0)","decl":{"start":{"line":6,"column":2},"end":{"line":6,"column":null}},"loc":{"start":{"line":8,"column":44},"end":{"line":8,"column":48}}},"1":{"name":"(anonymous_1)","decl":{"start":{"line":10,"column":2},"end":{"line":10,"column":7}},"loc":{"start":{"line":10,"column":40},"end":{"line":32,"column":3}}}},"branchMap":{"0":{"loc":{"start":{"line":15,"column":6},"end":{"line":20,"column":null}},"type":"if","locations":[{"start":{"line":15,"column":6},"end":{"line":20,"column":null}}]}},"s":{"0":5,"1":5,"2":5,"3":5,"4":5,"5":5,"6":1,"7":4,"8":3,"9":1,"10":1},"f":{"0":5,"1":5},"b":{"0":[1]}}
}
